# JRE version: OpenJDK Runtime Environment Temurin-21.0.3+9 (21.0.3+9) (build 21.0.3+9-LTS)
# Java VM: OpenJDK 64-Bit Server VM Temurin-21.0.3+9 (21.0.3+9-LTS, mixed mode, tiered, compressed oops, compressed class ptrs, g1 gc, windows-amd64)
GC Precious Log:
 CardTable entry size: 512
 Card Set container configuration: InlinePtr #cards 4 size 8 Array Of Cards #cards 32 size 80 Howl #buckets 8 coarsen threshold 7372 Howl Bitmap #cards 1024 size 144 coarsen threshold 921 Card regions per heap region 1 cards per card region 8192
 CPUs: 20 total, 20 available
 Memory: 32491M
 Large Page Support: Disabled
 NUMA Support: Disabled
 Compressed Oops: Enabled (Zero based)
 Heap Region Size: 4M
 Heap Min Capacity: 8M
 Heap Initial Capacity: 508M
 Heap Max Capacity: 8124M
 Pre-touch: Disabled
 Parallel Workers: 15
 Concurrent Workers: 4
 Concurrent Refinement Workers: 15
 Periodic GC: Disabled
Heap:
 garbage-first heap   total 311296K, used 142643K [0x0000000604400000, 0x0000000800000000)
  region size 4096K, 4 young (16384K), 4 survivors (16384K)
 Metaspace       used 90819K, committed 91904K, reserved 1179648K
  class space    used 9950K, committed 10432K, reserved 1048576K
GC Heap History (20 events):
Event: 2.788 GC heap after
{Heap after GC invocations=11 (full 0):
 garbage-first heap   total 81920K, used 48841K [0x0000000604400000, 0x0000000800000000)
  region size 4096K, 1 young (4096K), 1 survivors (4096K)
 Metaspace       used 59319K, committed 60288K, reserved 1114112K
  class space    used 6633K, committed 7104K, reserved 1048576K
}
Event: 2.863 GC heap before
{Heap before GC invocations=11 (full 0):
 garbage-first heap   total 81920K, used 48841K [0x0000000604400000, 0x0000000800000000)
  region size 4096K, 2 young (8192K), 1 survivors (4096K)
 Metaspace       used 60430K, committed 61376K, reserved 1114112K
  class space    used 6741K, committed 7168K, reserved 1048576K
}
Event: 2.865 GC heap after
{Heap after GC invocations=12 (full 0):
 garbage-first heap   total 81920K, used 50475K [0x0000000604400000, 0x0000000800000000)
  region size 4096K, 1 young (4096K), 1 survivors (4096K)
 Metaspace       used 60430K, committed 61376K, reserved 1114112K
  class space    used 6741K, committed 7168K, reserved 1048576K
}
Event: 3.312 GC heap before
{Heap before GC invocations=13 (full 0):
 garbage-first heap   total 102400K, used 66859K [0x0000000604400000, 0x0000000800000000)
  region size 4096K, 5 young (20480K), 1 survivors (4096K)
 Metaspace       used 65814K, committed 66816K, reserved 1114112K
  class space    used 7354K, committed 7808K, reserved 1048576K
}
Event: 3.315 GC heap after
{Heap after GC invocations=14 (full 0):
 garbage-first heap   total 311296K, used 53280K [0x0000000604400000, 0x0000000800000000)
  region size 4096K, 1 young (4096K), 1 survivors (4096K)
 Metaspace       used 65814K, committed 66816K, reserved 1114112K
  class space    used 7354K, committed 7808K, reserved 1048576K
}
Event: 5.348 GC heap before
{Heap before GC invocations=14 (full 0):
 garbage-first heap   total 311296K, used 262176K [0x0000000604400000, 0x0000000800000000)
  region size 4096K, 43 young (176128K), 1 survivors (4096K)
 Metaspace       used 82126K, committed 83136K, reserved 1179648K
  class space    used 9140K, committed 9600K, reserved 1048576K
}
Event: 5.352 GC heap after
{Heap after GC invocations=15 (full 0):
 garbage-first heap   total 311296K, used 101061K [0x0000000604400000, 0x0000000800000000)
  region size 4096K, 4 young (16384K), 4 survivors (16384K)
 Metaspace       used 82126K, committed 83136K, reserved 1179648K
  class space    used 9140K, committed 9600K, reserved 1048576K
}
Event: 5.570 GC heap before
{Heap before GC invocations=15 (full 0):
 garbage-first heap   total 311296K, used 264901K [0x0000000604400000, 0x0000000800000000)
  region size 4096K, 44 young (180224K), 4 survivors (16384K)
 Metaspace       used 82774K, committed 83840K, reserved 1179648K
  class space    used 9192K, committed 9664K, reserved 1048576K
}
Event: 5.575 GC heap after
{Heap after GC invocations=16 (full 0):
 garbage-first heap   total 311296K, used 116459K [0x0000000604400000, 0x0000000800000000)
  region size 4096K, 6 young (24576K), 6 survivors (24576K)
 Metaspace       used 82774K, committed 83840K, reserved 1179648K
  class space    used 9192K, committed 9664K, reserved 1048576K
}
Event: 5.862 GC heap before
{Heap before GC invocations=16 (full 0):
 garbage-first heap   total 311296K, used 263915K [0x0000000604400000, 0x0000000800000000)
  region size 4096K, 42 young (172032K), 6 survivors (24576K)
 Metaspace       used 84100K, committed 85184K, reserved 1179648K
  class space    used 9297K, committed 9792K, reserved 1048576K
}
Event: 5.865 GC heap after
{Heap after GC invocations=17 (full 0):
 garbage-first heap   total 311296K, used 110034K [0x0000000604400000, 0x0000000800000000)
  region size 4096K, 2 young (8192K), 2 survivors (8192K)
 Metaspace       used 84100K, committed 85184K, reserved 1179648K
  class space    used 9297K, committed 9792K, reserved 1048576K
}
Event: 6.114 GC heap before
{Heap before GC invocations=17 (full 0):
 garbage-first heap   total 311296K, used 269778K [0x0000000604400000, 0x0000000800000000)
  region size 4096K, 42 young (172032K), 2 survivors (8192K)
 Metaspace       used 84994K, committed 86080K, reserved 1179648K
  class space    used 9364K, committed 9856K, reserved 1048576K
}
Event: 6.116 GC heap after
{Heap after GC invocations=18 (full 0):
 garbage-first heap   total 311296K, used 116252K [0x0000000604400000, 0x0000000800000000)
  region size 4096K, 3 young (12288K), 3 survivors (12288K)
 Metaspace       used 84994K, committed 86080K, reserved 1179648K
  class space    used 9364K, committed 9856K, reserved 1048576K
}
Event: 6.793 GC heap before
{Heap before GC invocations=18 (full 0):
 garbage-first heap   total 311296K, used 292380K [0x0000000604400000, 0x0000000800000000)
  region size 4096K, 42 young (172032K), 3 survivors (12288K)
 Metaspace       used 90418K, committed 91456K, reserved 1179648K
  class space    used 9937K, committed 10368K, reserved 1048576K
}
Event: 6.798 GC heap after
{Heap after GC invocations=19 (full 0):
 garbage-first heap   total 311296K, used 134970K [0x0000000604400000, 0x0000000800000000)
  region size 4096K, 4 young (16384K), 4 survivors (16384K)
 Metaspace       used 90418K, committed 91456K, reserved 1179648K
  class space    used 9937K, committed 10368K, reserved 1048576K
}
Event: 7.002 GC heap before
{Heap before GC invocations=19 (full 0):
 garbage-first heap   total 311296K, used 270138K [0x0000000604400000, 0x0000000800000000)
  region size 4096K, 37 young (151552K), 4 survivors (16384K)
 Metaspace       used 90755K, committed 91840K, reserved 1179648K
  class space    used 9950K, committed 10432K, reserved 1048576K
}
Event: 7.005 GC heap after
{Heap after GC invocations=20 (full 0):
 garbage-first heap   total 311296K, used 138661K [0x0000000604400000, 0x0000000800000000)
  region size 4096K, 4 young (16384K), 4 survivors (16384K)
 Metaspace       used 90755K, committed 91840K, reserved 1179648K
  class space    used 9950K, committed 10432K, reserved 1048576K
}
Event: 7.140 GC heap before
{Heap before GC invocations=20 (full 0):
 garbage-first heap   total 311296K, used 269733K [0x0000000604400000, 0x0000000800000000)
  region size 4096K, 36 young (147456K), 4 survivors (16384K)
 Metaspace       used 90797K, committed 91904K, reserved 1179648K
  class space    used 9950K, committed 10432K, reserved 1048576K
}
Event: 7.142 GC heap after
{Heap after GC invocations=21 (full 0):
 garbage-first heap   total 311296K, used 141358K [0x0000000604400000, 0x0000000800000000)
  region size 4096K, 3 young (12288K), 3 survivors (12288K)
 Metaspace       used 90797K, committed 91904K, reserved 1179648K
  class space    used 9950K, committed 10432K, reserved 1048576K
}
Event: 7.283 GC heap before
{Heap before GC invocations=21 (full 0):
 garbage-first heap   total 311296K, used 276526K [0x0000000604400000, 0x0000000800000000)
  region size 4096K, 36 young (147456K), 3 survivors (12288K)
 Metaspace       used 90819K, committed 91904K, reserved 1179648K
  class space    used 9950K, committed 10432K, reserved 1048576K
}

