# JRE version: OpenJDK Runtime Environment Temurin-21.0.3+9 (21.0.3+9) (build 21.0.3+9-LTS)
# Java VM: OpenJDK 64-Bit Server VM Temurin-21.0.3+9 (21.0.3+9-LTS, mixed mode, tiered, compressed oops, compressed class ptrs, g1 gc, windows-amd64)
GC Precious Log:
 CardTable entry size: 512
 Card Set container configuration: InlinePtr #cards 4 size 8 Array Of Cards #cards 32 size 80 Howl #buckets 8 coarsen threshold 7372 Howl Bitmap #cards 1024 size 144 coarsen threshold 921 Card regions per heap region 1 cards per card region 8192
 CPUs: 20 total, 20 available
 Memory: 32491M
 Large Page Support: Disabled
 NUMA Support: Disabled
 Compressed Oops: Enabled (Zero based)
 Heap Region Size: 4M
 Heap Min Capacity: 8M
 Heap Initial Capacity: 508M
 Heap Max Capacity: 8124M
 Pre-touch: Disabled
 Parallel Workers: 15
 Concurrent Workers: 4
 Concurrent Refinement Workers: 15
 Periodic GC: Disabled
Heap:
 garbage-first heap   total 364544K, used 153198K [0x0000000604400000, 0x0000000800000000)
  region size 4096K, 5 young (20480K), 5 survivors (20480K)
 Metaspace       used 90854K, committed 91968K, reserved 1179648K
  class space    used 9984K, committed 10496K, reserved 1048576K
GC Heap History (20 events):
Event: 6.308 GC heap after
{Heap after GC invocations=16 (full 0):
 garbage-first heap   total 303104K, used 106897K [0x0000000604400000, 0x0000000800000000)
  region size 4096K, 2 young (8192K), 2 survivors (8192K)
 Metaspace       used 77218K, committed 78336K, reserved 1179648K
  class space    used 8613K, committed 9088K, reserved 1048576K
}
Event: 6.596 GC heap before
{Heap before GC invocations=16 (full 0):
 garbage-first heap   total 303104K, used 258449K [0x0000000604400000, 0x0000000800000000)
  region size 4096K, 40 young (163840K), 2 survivors (8192K)
 Metaspace       used 78000K, committed 79104K, reserved 1179648K
  class space    used 8682K, committed 9152K, reserved 1048576K
}
Event: 6.598 GC heap after
{Heap after GC invocations=17 (full 0):
 garbage-first heap   total 303104K, used 110059K [0x0000000604400000, 0x0000000800000000)
  region size 4096K, 2 young (8192K), 2 survivors (8192K)
 Metaspace       used 78000K, committed 79104K, reserved 1179648K
  class space    used 8682K, committed 9152K, reserved 1048576K
}
Event: 7.238 GC heap before
{Heap before GC invocations=17 (full 0):
 garbage-first heap   total 303104K, used 286187K [0x0000000604400000, 0x0000000800000000)
  region size 4096K, 41 young (167936K), 2 survivors (8192K)
 Metaspace       used 82697K, committed 83776K, reserved 1179648K
  class space    used 9170K, committed 9664K, reserved 1048576K
}
Event: 7.242 GC heap after
{Heap after GC invocations=18 (full 0):
 garbage-first heap   total 303104K, used 130918K [0x0000000604400000, 0x0000000800000000)
  region size 4096K, 4 young (16384K), 4 survivors (16384K)
 Metaspace       used 82697K, committed 83776K, reserved 1179648K
  class space    used 9170K, committed 9664K, reserved 1048576K
}
Event: 7.597 GC heap before
{Heap before GC invocations=18 (full 0):
 garbage-first heap   total 303104K, used 261990K [0x0000000604400000, 0x0000000800000000)
  region size 4096K, 36 young (147456K), 4 survivors (16384K)
 Metaspace       used 84319K, committed 85376K, reserved 1179648K
  class space    used 9335K, committed 9792K, reserved 1048576K
}
Event: 7.600 GC heap after
{Heap after GC invocations=19 (full 0):
 garbage-first heap   total 303104K, used 135262K [0x0000000604400000, 0x0000000800000000)
  region size 4096K, 4 young (16384K), 4 survivors (16384K)
 Metaspace       used 84319K, committed 85376K, reserved 1179648K
  class space    used 9335K, committed 9792K, reserved 1048576K
}
Event: 7.780 GC heap before
{Heap before GC invocations=19 (full 0):
 garbage-first heap   total 303104K, used 262238K [0x0000000604400000, 0x0000000800000000)
  region size 4096K, 35 young (143360K), 4 survivors (16384K)
 Metaspace       used 84789K, committed 85888K, reserved 1179648K
  class space    used 9379K, committed 9856K, reserved 1048576K
}
Event: 7.783 GC heap after
{Heap after GC invocations=20 (full 0):
 garbage-first heap   total 303104K, used 138357K [0x0000000604400000, 0x0000000800000000)
  region size 4096K, 4 young (16384K), 4 survivors (16384K)
 Metaspace       used 84789K, committed 85888K, reserved 1179648K
  class space    used 9379K, committed 9856K, reserved 1048576K
}
Event: 7.927 GC heap before
{Heap before GC invocations=20 (full 0):
 garbage-first heap   total 303104K, used 261237K [0x0000000604400000, 0x0000000800000000)
  region size 4096K, 34 young (139264K), 4 survivors (16384K)
 Metaspace       used 85577K, committed 86720K, reserved 1179648K
  class space    used 9472K, committed 9984K, reserved 1048576K
}
Event: 7.930 GC heap after
{Heap after GC invocations=21 (full 0):
 garbage-first heap   total 303104K, used 141051K [0x0000000604400000, 0x0000000800000000)
  region size 4096K, 3 young (12288K), 3 survivors (12288K)
 Metaspace       used 85577K, committed 86720K, reserved 1179648K
  class space    used 9472K, committed 9984K, reserved 1048576K
}
Event: 8.070 GC heap before
{Heap before GC invocations=21 (full 0):
 garbage-first heap   total 303104K, used 268027K [0x0000000604400000, 0x0000000800000000)
  region size 4096K, 34 young (139264K), 3 survivors (12288K)
 Metaspace       used 86239K, committed 87360K, reserved 1179648K
  class space    used 9536K, committed 10048K, reserved 1048576K
}
Event: 8.073 GC heap after
{Heap after GC invocations=22 (full 0):
 garbage-first heap   total 364544K, used 141996K [0x0000000604400000, 0x0000000800000000)
  region size 4096K, 3 young (12288K), 3 survivors (12288K)
 Metaspace       used 86239K, committed 87360K, reserved 1179648K
  class space    used 9536K, committed 10048K, reserved 1048576K
}
Event: 8.194 GC heap before
{Heap before GC invocations=22 (full 0):
 garbage-first heap   total 364544K, used 330412K [0x0000000604400000, 0x0000000800000000)
  region size 4096K, 49 young (200704K), 3 survivors (12288K)
 Metaspace       used 86994K, committed 88064K, reserved 1179648K
  class space    used 9615K, committed 10112K, reserved 1048576K
}
Event: 8.196 GC heap after
{Heap after GC invocations=23 (full 0):
 garbage-first heap   total 364544K, used 144779K [0x0000000604400000, 0x0000000800000000)
  region size 4096K, 4 young (16384K), 4 survivors (16384K)
 Metaspace       used 86994K, committed 88064K, reserved 1179648K
  class space    used 9615K, committed 10112K, reserved 1048576K
}
Event: 8.351 GC heap before
{Heap before GC invocations=23 (full 0):
 garbage-first heap   total 364544K, used 325003K [0x0000000604400000, 0x0000000800000000)
  region size 4096K, 48 young (196608K), 4 survivors (16384K)
 Metaspace       used 87609K, committed 88704K, reserved 1179648K
  class space    used 9685K, committed 10176K, reserved 1048576K
}
Event: 8.353 GC heap after
{Heap after GC invocations=24 (full 0):
 garbage-first heap   total 364544K, used 146335K [0x0000000604400000, 0x0000000800000000)
  region size 4096K, 4 young (16384K), 4 survivors (16384K)
 Metaspace       used 87609K, committed 88704K, reserved 1179648K
  class space    used 9685K, committed 10176K, reserved 1048576K
}
Event: 8.566 GC heap before
{Heap before GC invocations=24 (full 0):
 garbage-first heap   total 364544K, used 322463K [0x0000000604400000, 0x0000000800000000)
  region size 4096K, 47 young (192512K), 4 survivors (16384K)
 Metaspace       used 89390K, committed 90432K, reserved 1179648K
  class space    used 9855K, committed 10304K, reserved 1048576K
}
Event: 8.568 GC heap after
{Heap after GC invocations=25 (full 0):
 garbage-first heap   total 364544K, used 149073K [0x0000000604400000, 0x0000000800000000)
  region size 4096K, 4 young (16384K), 4 survivors (16384K)
 Metaspace       used 89390K, committed 90432K, reserved 1179648K
  class space    used 9855K, committed 10304K, reserved 1048576K
}
Event: 8.893 GC heap before
{Heap before GC invocations=25 (full 0):
 garbage-first heap   total 364544K, used 325201K [0x0000000604400000, 0x0000000800000000)
  region size 4096K, 47 young (192512K), 4 survivors (16384K)
 Metaspace       used 90854K, committed 91968K, reserved 1179648K
  class space    used 9984K, committed 10496K, reserved 1048576K
}

